\BOOKMARK [0][-]{chapter.1}{\376\377\0001\000\040\000b\000m\000p\0002\0008\0000\000-\000s\000t\000m\0003\0002\000f\0001}{}% 1
\BOOKMARK [1][-]{section.1.1}{\376\377\0001\000.\0001\000\040\000W\000i\000r\000i\000n\000g}{chapter.1}% 2
\BOOKMARK [0][-]{chapter.2}{\376\377\0002\000\040\000D\000a\000t\000a\000\040\000S\000t\000r\000u\000c\000t\000u\000r\000e\000\040\000I\000n\000d\000e\000x}{}% 3
\BOOKMARK [1][-]{section.2.1}{\376\377\0002\000.\0001\000\040\000D\000a\000t\000a\000\040\000S\000t\000r\000u\000c\000t\000u\000r\000e\000s}{chapter.2}% 4
\BOOKMARK [0][-]{chapter.3}{\376\377\0003\000\040\000F\000i\000l\000e\000\040\000I\000n\000d\000e\000x}{}% 5
\BOOKMARK [1][-]{section.3.1}{\376\377\0003\000.\0001\000\040\000F\000i\000l\000e\000\040\000L\000i\000s\000t}{chapter.3}% 6
\BOOKMARK [0][-]{chapter.4}{\376\377\0004\000\040\000D\000a\000t\000a\000\040\000S\000t\000r\000u\000c\000t\000u\000r\000e\000\040\000D\000o\000c\000u\000m\000e\000n\000t\000a\000t\000i\000o\000n}{}% 7
\BOOKMARK [1][-]{section.4.1}{\376\377\0004\000.\0001\000\040\000B\000M\000P\0002\0008\0000\000\137\000R\000e\000s\000u\000l\000t\000\040\000S\000t\000r\000u\000c\000t\000\040\000R\000e\000f\000e\000r\000e\000n\000c\000e}{chapter.4}% 8
\BOOKMARK [2][-]{subsection.4.1.1}{\376\377\0004\000.\0001\000.\0001\000\040\000F\000i\000e\000l\000d\000\040\000D\000o\000c\000u\000m\000e\000n\000t\000a\000t\000i\000o\000n}{section.4.1}% 9
\BOOKMARK [3][-]{subsubsection.4.1.1.1}{\376\377\0004\000.\0001\000.\0001\000.\0001\000\040\000P\000r\000e\000s\000s\000u\000r\000e}{subsection.4.1.1}% 10
\BOOKMARK [3][-]{subsubsection.4.1.1.2}{\376\377\0004\000.\0001\000.\0001\000.\0002\000\040\000T\000e\000m\000p\000e\000r\000a\000t\000u\000r\000e}{subsection.4.1.1}% 11
\BOOKMARK [0][-]{chapter.5}{\376\377\0005\000\040\000F\000i\000l\000e\000\040\000D\000o\000c\000u\000m\000e\000n\000t\000a\000t\000i\000o\000n}{}% 12
\BOOKMARK [1][-]{section.5.1}{\376\377\0005\000.\0001\000\040\000C\000o\000r\000e\000/\000I\000n\000c\000/\000B\000M\000P\0002\0008\0000\000.\000h\000\040\000F\000i\000l\000e\000\040\000R\000e\000f\000e\000r\000e\000n\000c\000e}{chapter.5}% 13
\BOOKMARK [2][-]{subsection.5.1.1}{\376\377\0005\000.\0001\000.\0001\000\040\000D\000e\000t\000a\000i\000l\000e\000d\000\040\000D\000e\000s\000c\000r\000i\000p\000t\000i\000o\000n}{section.5.1}% 14
\BOOKMARK [2][-]{subsection.5.1.2}{\376\377\0005\000.\0001\000.\0002\000\040\000M\000a\000c\000r\000o\000\040\000D\000e\000f\000i\000n\000i\000t\000i\000o\000n\000\040\000D\000o\000c\000u\000m\000e\000n\000t\000a\000t\000i\000o\000n}{section.5.1}% 15
\BOOKMARK [3][-]{subsubsection.5.1.2.1}{\376\377\0005\000.\0001\000.\0002\000.\0001\000\040\000B\000M\000P\0002\0008\0000\000\137\000D\000E\000V\000I\000C\000E\000\137\000A\000D\000D\000R\000E\000S\000S\000\137\000G\000N\000D}{subsection.5.1.2}% 16
\BOOKMARK [3][-]{subsubsection.5.1.2.2}{\376\377\0005\000.\0001\000.\0002\000.\0002\000\040\000B\000M\000P\0002\0008\0000\000\137\000D\000E\000V\000I\000C\000E\000\137\000A\000D\000D\000R\000E\000S\000S\000\137\000V\000D\000D\000I\000O}{subsection.5.1.2}% 17
\BOOKMARK [3][-]{subsubsection.5.1.2.3}{\376\377\0005\000.\0001\000.\0002\000.\0003\000\040\000B\000M\000P\0002\0008\0000\000\137\000R\000E\000G\000\137\000C\000A\000L\000I\000B\0000\0000}{subsection.5.1.2}% 18
\BOOKMARK [3][-]{subsubsection.5.1.2.4}{\376\377\0005\000.\0001\000.\0002\000.\0004\000\040\000B\000M\000P\0002\0008\0000\000\137\000R\000E\000G\000\137\000C\000A\000L\000I\000B\0000\0001}{subsection.5.1.2}% 19
\BOOKMARK [3][-]{subsubsection.5.1.2.5}{\376\377\0005\000.\0001\000.\0002\000.\0005\000\040\000B\000M\000P\0002\0008\0000\000\137\000R\000E\000G\000\137\000C\000A\000L\000I\000B\0000\0002}{subsection.5.1.2}% 20
\BOOKMARK [3][-]{subsubsection.5.1.2.6}{\376\377\0005\000.\0001\000.\0002\000.\0006\000\040\000B\000M\000P\0002\0008\0000\000\137\000R\000E\000G\000\137\000C\000A\000L\000I\000B\0000\0003}{subsection.5.1.2}% 21
\BOOKMARK [3][-]{subsubsection.5.1.2.7}{\376\377\0005\000.\0001\000.\0002\000.\0007\000\040\000B\000M\000P\0002\0008\0000\000\137\000R\000E\000G\000\137\000C\000A\000L\000I\000B\0000\0004}{subsection.5.1.2}% 22
\BOOKMARK [3][-]{subsubsection.5.1.2.8}{\376\377\0005\000.\0001\000.\0002\000.\0008\000\040\000B\000M\000P\0002\0008\0000\000\137\000R\000E\000G\000\137\000C\000A\000L\000I\000B\0000\0005}{subsection.5.1.2}% 23
\BOOKMARK [3][-]{subsubsection.5.1.2.9}{\376\377\0005\000.\0001\000.\0002\000.\0009\000\040\000B\000M\000P\0002\0008\0000\000\137\000R\000E\000G\000\137\000C\000A\000L\000I\000B\0000\0006}{subsection.5.1.2}% 24
\BOOKMARK [3][-]{subsubsection.5.1.2.10}{\376\377\0005\000.\0001\000.\0002\000.\0001\0000\000\040\000B\000M\000P\0002\0008\0000\000\137\000R\000E\000G\000\137\000C\000A\000L\000I\000B\0000\0007}{subsection.5.1.2}% 25
\BOOKMARK [3][-]{subsubsection.5.1.2.11}{\376\377\0005\000.\0001\000.\0002\000.\0001\0001\000\040\000B\000M\000P\0002\0008\0000\000\137\000R\000E\000G\000\137\000C\000A\000L\000I\000B\0000\0008}{subsection.5.1.2}% 26
\BOOKMARK [3][-]{subsubsection.5.1.2.12}{\376\377\0005\000.\0001\000.\0002\000.\0001\0002\000\040\000B\000M\000P\0002\0008\0000\000\137\000R\000E\000G\000\137\000C\000A\000L\000I\000B\0000\0009}{subsection.5.1.2}% 27
\BOOKMARK [3][-]{subsubsection.5.1.2.13}{\376\377\0005\000.\0001\000.\0002\000.\0001\0003\000\040\000B\000M\000P\0002\0008\0000\000\137\000R\000E\000G\000\137\000C\000A\000L\000I\000B\0001\0000}{subsection.5.1.2}% 28
\BOOKMARK [3][-]{subsubsection.5.1.2.14}{\376\377\0005\000.\0001\000.\0002\000.\0001\0004\000\040\000B\000M\000P\0002\0008\0000\000\137\000R\000E\000G\000\137\000C\000A\000L\000I\000B\0001\0001}{subsection.5.1.2}% 29
\BOOKMARK [3][-]{subsubsection.5.1.2.15}{\376\377\0005\000.\0001\000.\0002\000.\0001\0005\000\040\000B\000M\000P\0002\0008\0000\000\137\000R\000E\000G\000\137\000C\000A\000L\000I\000B\0001\0002}{subsection.5.1.2}% 30
\BOOKMARK [3][-]{subsubsection.5.1.2.16}{\376\377\0005\000.\0001\000.\0002\000.\0001\0006\000\040\000B\000M\000P\0002\0008\0000\000\137\000R\000E\000G\000\137\000C\000A\000L\000I\000B\0001\0003}{subsection.5.1.2}% 31
\BOOKMARK [3][-]{subsubsection.5.1.2.17}{\376\377\0005\000.\0001\000.\0002\000.\0001\0007\000\040\000B\000M\000P\0002\0008\0000\000\137\000R\000E\000G\000\137\000C\000A\000L\000I\000B\0001\0004}{subsection.5.1.2}% 32
\BOOKMARK [3][-]{subsubsection.5.1.2.18}{\376\377\0005\000.\0001\000.\0002\000.\0001\0008\000\040\000B\000M\000P\0002\0008\0000\000\137\000R\000E\000G\000\137\000C\000A\000L\000I\000B\0001\0005}{subsection.5.1.2}% 33
\BOOKMARK [3][-]{subsubsection.5.1.2.19}{\376\377\0005\000.\0001\000.\0002\000.\0001\0009\000\040\000B\000M\000P\0002\0008\0000\000\137\000R\000E\000G\000\137\000C\000A\000L\000I\000B\0001\0006}{subsection.5.1.2}% 34
\BOOKMARK [3][-]{subsubsection.5.1.2.20}{\376\377\0005\000.\0001\000.\0002\000.\0002\0000\000\040\000B\000M\000P\0002\0008\0000\000\137\000R\000E\000G\000\137\000C\000A\000L\000I\000B\0001\0007}{subsection.5.1.2}% 35
\BOOKMARK [3][-]{subsubsection.5.1.2.21}{\376\377\0005\000.\0001\000.\0002\000.\0002\0001\000\040\000B\000M\000P\0002\0008\0000\000\137\000R\000E\000G\000\137\000C\000A\000L\000I\000B\0001\0008}{subsection.5.1.2}% 36
\BOOKMARK [3][-]{subsubsection.5.1.2.22}{\376\377\0005\000.\0001\000.\0002\000.\0002\0002\000\040\000B\000M\000P\0002\0008\0000\000\137\000R\000E\000G\000\137\000C\000A\000L\000I\000B\0001\0009}{subsection.5.1.2}% 37
\BOOKMARK [3][-]{subsubsection.5.1.2.23}{\376\377\0005\000.\0001\000.\0002\000.\0002\0003\000\040\000B\000M\000P\0002\0008\0000\000\137\000R\000E\000G\000\137\000C\000A\000L\000I\000B\0002\0000}{subsection.5.1.2}% 38
\BOOKMARK [3][-]{subsubsection.5.1.2.24}{\376\377\0005\000.\0001\000.\0002\000.\0002\0004\000\040\000B\000M\000P\0002\0008\0000\000\137\000R\000E\000G\000\137\000C\000A\000L\000I\000B\0002\0001}{subsection.5.1.2}% 39
\BOOKMARK [3][-]{subsubsection.5.1.2.25}{\376\377\0005\000.\0001\000.\0002\000.\0002\0005\000\040\000B\000M\000P\0002\0008\0000\000\137\000R\000E\000G\000\137\000C\000A\000L\000I\000B\0002\0002}{subsection.5.1.2}% 40
\BOOKMARK [3][-]{subsubsection.5.1.2.26}{\376\377\0005\000.\0001\000.\0002\000.\0002\0006\000\040\000B\000M\000P\0002\0008\0000\000\137\000R\000E\000G\000\137\000C\000A\000L\000I\000B\0002\0003}{subsection.5.1.2}% 41
\BOOKMARK [3][-]{subsubsection.5.1.2.27}{\376\377\0005\000.\0001\000.\0002\000.\0002\0007\000\040\000B\000M\000P\0002\0008\0000\000\137\000R\000E\000G\000\137\000C\000A\000L\000I\000B\0002\0004}{subsection.5.1.2}% 42
\BOOKMARK [3][-]{subsubsection.5.1.2.28}{\376\377\0005\000.\0001\000.\0002\000.\0002\0008\000\040\000B\000M\000P\0002\0008\0000\000\137\000R\000E\000G\000\137\000C\000A\000L\000I\000B\0002\0005}{subsection.5.1.2}% 43
\BOOKMARK [3][-]{subsubsection.5.1.2.29}{\376\377\0005\000.\0001\000.\0002\000.\0002\0009\000\040\000B\000M\000P\0002\0008\0000\000\137\000R\000E\000G\000\137\000C\000O\000N\000F\000I\000G}{subsection.5.1.2}% 44
\BOOKMARK [3][-]{subsubsection.5.1.2.30}{\376\377\0005\000.\0001\000.\0002\000.\0003\0000\000\040\000B\000M\000P\0002\0008\0000\000\137\000R\000E\000G\000\137\000C\000T\000R\000L\000\137\000M\000E\000A\000S}{subsection.5.1.2}% 45
\BOOKMARK [3][-]{subsubsection.5.1.2.31}{\376\377\0005\000.\0001\000.\0002\000.\0003\0001\000\040\000B\000M\000P\0002\0008\0000\000\137\000R\000E\000G\000\137\000I\000D}{subsection.5.1.2}% 46
\BOOKMARK [3][-]{subsubsection.5.1.2.32}{\376\377\0005\000.\0001\000.\0002\000.\0003\0002\000\040\000B\000M\000P\0002\0008\0000\000\137\000R\000E\000G\000\137\000P\000R\000E\000S\000S\000\137\000L\000S\000B}{subsection.5.1.2}% 47
\BOOKMARK [3][-]{subsubsection.5.1.2.33}{\376\377\0005\000.\0001\000.\0002\000.\0003\0003\000\040\000B\000M\000P\0002\0008\0000\000\137\000R\000E\000G\000\137\000P\000R\000E\000S\000S\000\137\000M\000S\000B}{subsection.5.1.2}% 48
\BOOKMARK [3][-]{subsubsection.5.1.2.34}{\376\377\0005\000.\0001\000.\0002\000.\0003\0004\000\040\000B\000M\000P\0002\0008\0000\000\137\000R\000E\000G\000\137\000P\000R\000E\000S\000S\000\137\000X\000L\000S\000B}{subsection.5.1.2}% 49
\BOOKMARK [3][-]{subsubsection.5.1.2.35}{\376\377\0005\000.\0001\000.\0002\000.\0003\0005\000\040\000B\000M\000P\0002\0008\0000\000\137\000R\000E\000G\000\137\000R\000E\000S\000E\000T}{subsection.5.1.2}% 50
\BOOKMARK [3][-]{subsubsection.5.1.2.36}{\376\377\0005\000.\0001\000.\0002\000.\0003\0006\000\040\000B\000M\000P\0002\0008\0000\000\137\000R\000E\000G\000\137\000S\000T\000A\000T\000U\000S}{subsection.5.1.2}% 51
\BOOKMARK [3][-]{subsubsection.5.1.2.37}{\376\377\0005\000.\0001\000.\0002\000.\0003\0007\000\040\000B\000M\000P\0002\0008\0000\000\137\000R\000E\000G\000\137\000T\000E\000M\000P\000\137\000L\000S\000B}{subsection.5.1.2}% 52
\BOOKMARK [3][-]{subsubsection.5.1.2.38}{\376\377\0005\000.\0001\000.\0002\000.\0003\0008\000\040\000B\000M\000P\0002\0008\0000\000\137\000R\000E\000G\000\137\000T\000E\000M\000P\000\137\000M\000S\000B}{subsection.5.1.2}% 53
\BOOKMARK [3][-]{subsubsection.5.1.2.39}{\376\377\0005\000.\0001\000.\0002\000.\0003\0009\000\040\000B\000M\000P\0002\0008\0000\000\137\000R\000E\000G\000\137\000T\000E\000M\000P\000\137\000X\000L\000S\000B}{subsection.5.1.2}% 54
\BOOKMARK [3][-]{subsubsection.5.1.2.40}{\376\377\0005\000.\0001\000.\0002\000.\0004\0000\000\040\000B\000M\000P\0002\0008\0000\000\137\000V\000A\000L\000\137\000C\000T\000R\000L\000\137\000C\000O\000N\000F\000I\000G\000\137\000F\000I\000L\000T\000E\000R\000\137\0000}{subsection.5.1.2}% 55
\BOOKMARK [3][-]{subsubsection.5.1.2.41}{\376\377\0005\000.\0001\000.\0002\000.\0004\0001\000\040\000B\000M\000P\0002\0008\0000\000\137\000V\000A\000L\000\137\000C\000T\000R\000L\000\137\000C\000O\000N\000F\000I\000G\000\137\000F\000I\000L\000T\000E\000R\000\137\0001\0006}{subsection.5.1.2}% 56
\BOOKMARK [3][-]{subsubsection.5.1.2.42}{\376\377\0005\000.\0001\000.\0002\000.\0004\0002\000\040\000B\000M\000P\0002\0008\0000\000\137\000V\000A\000L\000\137\000C\000T\000R\000L\000\137\000C\000O\000N\000F\000I\000G\000\137\000F\000I\000L\000T\000E\000R\000\137\0002}{subsection.5.1.2}% 57
\BOOKMARK [3][-]{subsubsection.5.1.2.43}{\376\377\0005\000.\0001\000.\0002\000.\0004\0003\000\040\000B\000M\000P\0002\0008\0000\000\137\000V\000A\000L\000\137\000C\000T\000R\000L\000\137\000C\000O\000N\000F\000I\000G\000\137\000F\000I\000L\000T\000E\000R\000\137\0004}{subsection.5.1.2}% 58
\BOOKMARK [3][-]{subsubsection.5.1.2.44}{\376\377\0005\000.\0001\000.\0002\000.\0004\0004\000\040\000B\000M\000P\0002\0008\0000\000\137\000V\000A\000L\000\137\000C\000T\000R\000L\000\137\000C\000O\000N\000F\000I\000G\000\137\000F\000I\000L\000T\000E\000R\000\137\0008}{subsection.5.1.2}% 59
\BOOKMARK [3][-]{subsubsection.5.1.2.45}{\376\377\0005\000.\0001\000.\0002\000.\0004\0005\000\040\000B\000M\000P\0002\0008\0000\000\137\000V\000A\000L\000\137\000C\000T\000R\000L\000\137\000C\000O\000N\000F\000I\000G\000\137\000T\000\137\000S\000B\000\137\0000\000\137\0005}{subsection.5.1.2}% 60
\BOOKMARK [3][-]{subsubsection.5.1.2.46}{\376\377\0005\000.\0001\000.\0002\000.\0004\0006\000\040\000B\000M\000P\0002\0008\0000\000\137\000V\000A\000L\000\137\000C\000T\000R\000L\000\137\000C\000O\000N\000F\000I\000G\000\137\000T\000\137\000S\000B\000\137\0001\0000\0000\0000}{subsection.5.1.2}% 61
\BOOKMARK [3][-]{subsubsection.5.1.2.47}{\376\377\0005\000.\0001\000.\0002\000.\0004\0007\000\040\000B\000M\000P\0002\0008\0000\000\137\000V\000A\000L\000\137\000C\000T\000R\000L\000\137\000C\000O\000N\000F\000I\000G\000\137\000T\000\137\000S\000B\000\137\0001\0002\0005}{subsection.5.1.2}% 62
\BOOKMARK [3][-]{subsubsection.5.1.2.48}{\376\377\0005\000.\0001\000.\0002\000.\0004\0008\000\040\000B\000M\000P\0002\0008\0000\000\137\000V\000A\000L\000\137\000C\000T\000R\000L\000\137\000C\000O\000N\000F\000I\000G\000\137\000T\000\137\000S\000B\000\137\0002\0000\0000\0000}{subsection.5.1.2}% 63
\BOOKMARK [3][-]{subsubsection.5.1.2.49}{\376\377\0005\000.\0001\000.\0002\000.\0004\0009\000\040\000B\000M\000P\0002\0008\0000\000\137\000V\000A\000L\000\137\000C\000T\000R\000L\000\137\000C\000O\000N\000F\000I\000G\000\137\000T\000\137\000S\000B\000\137\0002\0005\0000}{subsection.5.1.2}% 64
\BOOKMARK [3][-]{subsubsection.5.1.2.50}{\376\377\0005\000.\0001\000.\0002\000.\0005\0000\000\040\000B\000M\000P\0002\0008\0000\000\137\000V\000A\000L\000\137\000C\000T\000R\000L\000\137\000C\000O\000N\000F\000I\000G\000\137\000T\000\137\000S\000B\000\137\0004\0000\0000\0000}{subsection.5.1.2}% 65
\BOOKMARK [3][-]{subsubsection.5.1.2.51}{\376\377\0005\000.\0001\000.\0002\000.\0005\0001\000\040\000B\000M\000P\0002\0008\0000\000\137\000V\000A\000L\000\137\000C\000T\000R\000L\000\137\000C\000O\000N\000F\000I\000G\000\137\000T\000\137\000S\000B\000\137\0005\0000\0000}{subsection.5.1.2}% 66
\BOOKMARK [3][-]{subsubsection.5.1.2.52}{\376\377\0005\000.\0001\000.\0002\000.\0005\0002\000\040\000B\000M\000P\0002\0008\0000\000\137\000V\000A\000L\000\137\000C\000T\000R\000L\000\137\000C\000O\000N\000F\000I\000G\000\137\000T\000\137\000S\000B\000\137\0006\0002\000\137\0005}{subsection.5.1.2}% 67
\BOOKMARK [3][-]{subsubsection.5.1.2.53}{\376\377\0005\000.\0001\000.\0002\000.\0005\0003\000\040\000B\000M\000P\0002\0008\0000\000\137\000V\000A\000L\000\137\000C\000T\000R\000L\000\137\000M\000E\000A\000S\000\137\000M\000O\000D\000E\000\137\000F\000O\000R\000C\000E\000D}{subsection.5.1.2}% 68
\BOOKMARK [3][-]{subsubsection.5.1.2.54}{\376\377\0005\000.\0001\000.\0002\000.\0005\0004\000\040\000B\000M\000P\0002\0008\0000\000\137\000V\000A\000L\000\137\000C\000T\000R\000L\000\137\000M\000E\000A\000S\000\137\000M\000O\000D\000E\000\137\000N\000O\000R\000M\000A\000L}{subsection.5.1.2}% 69
\BOOKMARK [3][-]{subsubsection.5.1.2.55}{\376\377\0005\000.\0001\000.\0002\000.\0005\0005\000\040\000B\000M\000P\0002\0008\0000\000\137\000V\000A\000L\000\137\000C\000T\000R\000L\000\137\000M\000E\000A\000S\000\137\000M\000O\000D\000E\000\137\000S\000L\000E\000E\000P}{subsection.5.1.2}% 70
\BOOKMARK [3][-]{subsubsection.5.1.2.56}{\376\377\0005\000.\0001\000.\0002\000.\0005\0006\000\040\000B\000M\000P\0002\0008\0000\000\137\000V\000A\000L\000\137\000C\000T\000R\000L\000\137\000M\000E\000A\000S\000\137\000O\000S\000R\000S\000\137\000P\000\137\0000}{subsection.5.1.2}% 71
\BOOKMARK [3][-]{subsubsection.5.1.2.57}{\376\377\0005\000.\0001\000.\0002\000.\0005\0007\000\040\000B\000M\000P\0002\0008\0000\000\137\000V\000A\000L\000\137\000C\000T\000R\000L\000\137\000M\000E\000A\000S\000\137\000O\000S\000R\000S\000\137\000P\000\137\0001}{subsection.5.1.2}% 72
\BOOKMARK [3][-]{subsubsection.5.1.2.58}{\376\377\0005\000.\0001\000.\0002\000.\0005\0008\000\040\000B\000M\000P\0002\0008\0000\000\137\000V\000A\000L\000\137\000C\000T\000R\000L\000\137\000M\000E\000A\000S\000\137\000O\000S\000R\000S\000\137\000P\000\137\0001\0006}{subsection.5.1.2}% 73
\BOOKMARK [3][-]{subsubsection.5.1.2.59}{\376\377\0005\000.\0001\000.\0002\000.\0005\0009\000\040\000B\000M\000P\0002\0008\0000\000\137\000V\000A\000L\000\137\000C\000T\000R\000L\000\137\000M\000E\000A\000S\000\137\000O\000S\000R\000S\000\137\000P\000\137\0002}{subsection.5.1.2}% 74
\BOOKMARK [3][-]{subsubsection.5.1.2.60}{\376\377\0005\000.\0001\000.\0002\000.\0006\0000\000\040\000B\000M\000P\0002\0008\0000\000\137\000V\000A\000L\000\137\000C\000T\000R\000L\000\137\000M\000E\000A\000S\000\137\000O\000S\000R\000S\000\137\000P\000\137\0004}{subsection.5.1.2}% 75
\BOOKMARK [3][-]{subsubsection.5.1.2.61}{\376\377\0005\000.\0001\000.\0002\000.\0006\0001\000\040\000B\000M\000P\0002\0008\0000\000\137\000V\000A\000L\000\137\000C\000T\000R\000L\000\137\000M\000E\000A\000S\000\137\000O\000S\000R\000S\000\137\000P\000\137\0008}{subsection.5.1.2}% 76
\BOOKMARK [3][-]{subsubsection.5.1.2.62}{\376\377\0005\000.\0001\000.\0002\000.\0006\0002\000\040\000B\000M\000P\0002\0008\0000\000\137\000V\000A\000L\000\137\000C\000T\000R\000L\000\137\000M\000E\000A\000S\000\137\000O\000S\000R\000S\000\137\000T\000\137\0000}{subsection.5.1.2}% 77
\BOOKMARK [3][-]{subsubsection.5.1.2.63}{\376\377\0005\000.\0001\000.\0002\000.\0006\0003\000\040\000B\000M\000P\0002\0008\0000\000\137\000V\000A\000L\000\137\000C\000T\000R\000L\000\137\000M\000E\000A\000S\000\137\000O\000S\000R\000S\000\137\000T\000\137\0001}{subsection.5.1.2}% 78
\BOOKMARK [3][-]{subsubsection.5.1.2.64}{\376\377\0005\000.\0001\000.\0002\000.\0006\0004\000\040\000B\000M\000P\0002\0008\0000\000\137\000V\000A\000L\000\137\000C\000T\000R\000L\000\137\000M\000E\000A\000S\000\137\000O\000S\000R\000S\000\137\000T\000\137\0001\0006}{subsection.5.1.2}% 79
\BOOKMARK [3][-]{subsubsection.5.1.2.65}{\376\377\0005\000.\0001\000.\0002\000.\0006\0005\000\040\000B\000M\000P\0002\0008\0000\000\137\000V\000A\000L\000\137\000C\000T\000R\000L\000\137\000M\000E\000A\000S\000\137\000O\000S\000R\000S\000\137\000T\000\137\0002}{subsection.5.1.2}% 80
\BOOKMARK [3][-]{subsubsection.5.1.2.66}{\376\377\0005\000.\0001\000.\0002\000.\0006\0006\000\040\000B\000M\000P\0002\0008\0000\000\137\000V\000A\000L\000\137\000C\000T\000R\000L\000\137\000M\000E\000A\000S\000\137\000O\000S\000R\000S\000\137\000T\000\137\0004}{subsection.5.1.2}% 81
\BOOKMARK [3][-]{subsubsection.5.1.2.67}{\376\377\0005\000.\0001\000.\0002\000.\0006\0007\000\040\000B\000M\000P\0002\0008\0000\000\137\000V\000A\000L\000\137\000C\000T\000R\000L\000\137\000M\000E\000A\000S\000\137\000O\000S\000R\000S\000\137\000T\000\137\0008}{subsection.5.1.2}% 82
\BOOKMARK [3][-]{subsubsection.5.1.2.68}{\376\377\0005\000.\0001\000.\0002\000.\0006\0008\000\040\000B\000M\000P\0002\0008\0000\000\137\000V\000A\000L\000\137\000C\000T\000R\000L\000\137\000S\000P\000I\0003\000W\000\137\000E\000N}{subsection.5.1.2}% 83
\BOOKMARK [3][-]{subsubsection.5.1.2.69}{\376\377\0005\000.\0001\000.\0002\000.\0006\0009\000\040\000B\000M\000P\0002\0008\0000\000\137\000V\000A\000L\000\137\000D\000E\000V\000I\000D}{subsection.5.1.2}% 84
\BOOKMARK [3][-]{subsubsection.5.1.2.70}{\376\377\0005\000.\0001\000.\0002\000.\0007\0000\000\040\000B\000M\000P\0002\0008\0000\000\137\000V\000A\000L\000\137\000R\000E\000S\000E\000T}{subsection.5.1.2}% 85
\BOOKMARK [3][-]{subsubsection.5.1.2.71}{\376\377\0005\000.\0001\000.\0002\000.\0007\0001\000\040\000B\000M\000P\0002\0008\0000\000\137\000V\000A\000L\000\137\000S\000T\000A\000T\000U\000S\000\137\000I\000M\000\137\000U\000P\000D\000A\000T\000E}{subsection.5.1.2}% 86
\BOOKMARK [3][-]{subsubsection.5.1.2.72}{\376\377\0005\000.\0001\000.\0002\000.\0007\0002\000\040\000B\000M\000P\0002\0008\0000\000\137\000V\000A\000L\000\137\000S\000T\000A\000T\000U\000S\000\137\000M\000E\000A\000S\000U\000R\000I\000N\000G}{subsection.5.1.2}% 87
\BOOKMARK [3][-]{subsubsection.5.1.2.73}{\376\377\0005\000.\0001\000.\0002\000.\0007\0003\000\040\000R\000E\000T\000U\000R\000N\000\137\0003\0002\000B\000I\000T}{subsection.5.1.2}% 88
\BOOKMARK [3][-]{subsubsection.5.1.2.74}{\376\377\0005\000.\0001\000.\0002\000.\0007\0004\000\040\000R\000E\000T\000U\000R\000N\000\137\0006\0004\000B\000I\000T}{subsection.5.1.2}% 89
\BOOKMARK [2][-]{subsection.5.1.3}{\376\377\0005\000.\0001\000.\0003\000\040\000T\000y\000p\000e\000d\000e\000f\000\040\000D\000o\000c\000u\000m\000e\000n\000t\000a\000t\000i\000o\000n}{section.5.1}% 90
\BOOKMARK [3][-]{subsubsection.5.1.3.1}{\376\377\0005\000.\0001\000.\0003\000.\0001\000\040\000B\000M\000P\0002\0008\0000\000\137\000R\000e\000s\000u\000l\000t}{subsection.5.1.3}% 91
\BOOKMARK [2][-]{subsection.5.1.4}{\376\377\0005\000.\0001\000.\0004\000\040\000F\000u\000n\000c\000t\000i\000o\000n\000\040\000D\000o\000c\000u\000m\000e\000n\000t\000a\000t\000i\000o\000n}{section.5.1}% 92
\BOOKMARK [3][-]{subsubsection.5.1.4.1}{\376\377\0005\000.\0001\000.\0004\000.\0001\000\040\000B\000M\000P\0002\0008\0000\000\137\000C\000a\000l\000i\000b\000r\000a\000t\000i\000o\000n\000C\000o\000n\000s\000t\000a\000n\000t\000s\000R\000e\000a\000d\000\137\000I\0002\000C\000\050\000\051}{subsection.5.1.4}% 93
\BOOKMARK [3][-]{subsubsection.5.1.4.2}{\376\377\0005\000.\0001\000.\0004\000.\0002\000\040\000B\000M\000P\0002\0008\0000\000\137\000I\000n\000i\000t\000\137\000I\0002\000C\000\050\000\051}{subsection.5.1.4}% 94
\BOOKMARK [3][-]{subsubsection.5.1.4.3}{\376\377\0005\000.\0001\000.\0004\000.\0003\000\040\000B\000M\000P\0002\0008\0000\000\137\000M\000e\000a\000s\000u\000r\000e\000\137\000I\0002\000C\000\050\000\051}{subsection.5.1.4}% 95
\BOOKMARK [3][-]{subsubsection.5.1.4.4}{\376\377\0005\000.\0001\000.\0004\000.\0004\000\040\000B\000M\000P\0002\0008\0000\000\137\000W\000a\000k\000e\000\137\000I\0002\000C\000\050\000\051}{subsection.5.1.4}% 96
\BOOKMARK [1][-]{section.5.2}{\376\377\0005\000.\0002\000\040\000C\000o\000r\000e\000/\000I\000n\000c\000/\000m\000a\000i\000n\000.\000h\000\040\000F\000i\000l\000e\000\040\000R\000e\000f\000e\000r\000e\000n\000c\000e}{chapter.5}% 97
\BOOKMARK [2][-]{subsection.5.2.1}{\376\377\0005\000.\0002\000.\0001\000\040\000D\000e\000t\000a\000i\000l\000e\000d\000\040\000D\000e\000s\000c\000r\000i\000p\000t\000i\000o\000n}{section.5.2}% 98
\BOOKMARK [2][-]{subsection.5.2.2}{\376\377\0005\000.\0002\000.\0002\000\040\000M\000a\000c\000r\000o\000\040\000D\000e\000f\000i\000n\000i\000t\000i\000o\000n\000\040\000D\000o\000c\000u\000m\000e\000n\000t\000a\000t\000i\000o\000n}{section.5.2}% 99
\BOOKMARK [3][-]{subsubsection.5.2.2.1}{\376\377\0005\000.\0002\000.\0002\000.\0001\000\040\000O\000N\000\137\000B\000O\000A\000R\000D\000\137\000L\000E\000D\000\137\0001\000\137\000G\000P\000I\000O\000\137\000P\000o\000r\000t}{subsection.5.2.2}% 100
\BOOKMARK [3][-]{subsubsection.5.2.2.2}{\376\377\0005\000.\0002\000.\0002\000.\0002\000\040\000O\000N\000\137\000B\000O\000A\000R\000D\000\137\000L\000E\000D\000\137\0001\000\137\000P\000i\000n}{subsection.5.2.2}% 101
\BOOKMARK [3][-]{subsubsection.5.2.2.3}{\376\377\0005\000.\0002\000.\0002\000.\0003\000\040\000O\000N\000\137\000B\000O\000A\000R\000D\000\137\000L\000E\000D\000\137\0002\000\137\000G\000P\000I\000O\000\137\000P\000o\000r\000t}{subsection.5.2.2}% 102
\BOOKMARK [3][-]{subsubsection.5.2.2.4}{\376\377\0005\000.\0002\000.\0002\000.\0004\000\040\000O\000N\000\137\000B\000O\000A\000R\000D\000\137\000L\000E\000D\000\137\0002\000\137\000P\000i\000n}{subsection.5.2.2}% 103
\BOOKMARK [2][-]{subsection.5.2.3}{\376\377\0005\000.\0002\000.\0003\000\040\000F\000u\000n\000c\000t\000i\000o\000n\000\040\000D\000o\000c\000u\000m\000e\000n\000t\000a\000t\000i\000o\000n}{section.5.2}% 104
\BOOKMARK [3][-]{subsubsection.5.2.3.1}{\376\377\0005\000.\0002\000.\0003\000.\0001\000\040\000\137\000\137\000i\000o\000\137\000p\000u\000t\000c\000h\000a\000r\000\050\000\051}{subsection.5.2.3}% 105
\BOOKMARK [3][-]{subsubsection.5.2.3.2}{\376\377\0005\000.\0002\000.\0003\000.\0002\000\040\000E\000r\000r\000o\000r\000\137\000H\000a\000n\000d\000l\000e\000r\000\050\000\051}{subsection.5.2.3}% 106
\BOOKMARK [1][-]{section.5.3}{\376\377\0005\000.\0003\000\040\000C\000o\000r\000e\000/\000S\000r\000c\000/\000B\000M\000P\0002\0008\0000\000.\000c\000\040\000F\000i\000l\000e\000\040\000R\000e\000f\000e\000r\000e\000n\000c\000e}{chapter.5}% 107
\BOOKMARK [2][-]{subsection.5.3.1}{\376\377\0005\000.\0003\000.\0001\000\040\000D\000e\000t\000a\000i\000l\000e\000d\000\040\000D\000e\000s\000c\000r\000i\000p\000t\000i\000o\000n}{section.5.3}% 108
\BOOKMARK [2][-]{subsection.5.3.2}{\376\377\0005\000.\0003\000.\0002\000\040\000F\000u\000n\000c\000t\000i\000o\000n\000\040\000D\000o\000c\000u\000m\000e\000n\000t\000a\000t\000i\000o\000n}{section.5.3}% 109
\BOOKMARK [3][-]{subsubsection.5.3.2.1}{\376\377\0005\000.\0003\000.\0002\000.\0001\000\040\000B\000M\000P\0002\0008\0000\000\137\000C\000a\000l\000i\000b\000r\000a\000t\000i\000o\000n\000C\000o\000n\000s\000t\000a\000n\000t\000s\000R\000e\000a\000d\000\137\000I\0002\000C\000\050\000\051}{subsection.5.3.2}% 110
\BOOKMARK [3][-]{subsubsection.5.3.2.2}{\376\377\0005\000.\0003\000.\0002\000.\0002\000\040\000B\000M\000P\0002\0008\0000\000\137\000I\000n\000i\000t\000\137\000I\0002\000C\000\050\000\051}{subsection.5.3.2}% 111
\BOOKMARK [3][-]{subsubsection.5.3.2.3}{\376\377\0005\000.\0003\000.\0002\000.\0003\000\040\000B\000M\000P\0002\0008\0000\000\137\000M\000e\000a\000s\000u\000r\000e\000\137\000I\0002\000C\000\050\000\051}{subsection.5.3.2}% 112
\BOOKMARK [3][-]{subsubsection.5.3.2.4}{\376\377\0005\000.\0003\000.\0002\000.\0004\000\040\000B\000M\000P\0002\0008\0000\000\137\000W\000a\000k\000e\000\137\000I\0002\000C\000\050\000\051}{subsection.5.3.2}% 113
\BOOKMARK [2][-]{subsection.5.3.3}{\376\377\0005\000.\0003\000.\0003\000\040\000V\000a\000r\000i\000a\000b\000l\000e\000\040\000D\000o\000c\000u\000m\000e\000n\000t\000a\000t\000i\000o\000n}{section.5.3}% 114
\BOOKMARK [3][-]{subsubsection.5.3.3.1}{\376\377\0005\000.\0003\000.\0003\000.\0001\000\040\000t\000\137\000f\000i\000n\000e}{subsection.5.3.3}% 115
\BOOKMARK [1][-]{section.5.4}{\376\377\0005\000.\0004\000\040\000C\000o\000r\000e\000/\000S\000r\000c\000/\000m\000a\000i\000n\000.\000c\000\040\000F\000i\000l\000e\000\040\000R\000e\000f\000e\000r\000e\000n\000c\000e}{chapter.5}% 116
\BOOKMARK [2][-]{subsection.5.4.1}{\376\377\0005\000.\0004\000.\0001\000\040\000D\000e\000t\000a\000i\000l\000e\000d\000\040\000D\000e\000s\000c\000r\000i\000p\000t\000i\000o\000n}{section.5.4}% 117
\BOOKMARK [2][-]{subsection.5.4.2}{\376\377\0005\000.\0004\000.\0002\000\040\000F\000u\000n\000c\000t\000i\000o\000n\000\040\000D\000o\000c\000u\000m\000e\000n\000t\000a\000t\000i\000o\000n}{section.5.4}% 118
\BOOKMARK [3][-]{subsubsection.5.4.2.1}{\376\377\0005\000.\0004\000.\0002\000.\0001\000\040\000\137\000\137\000i\000o\000\137\000p\000u\000t\000c\000h\000a\000r\000\050\000\051}{subsection.5.4.2}% 119
\BOOKMARK [3][-]{subsubsection.5.4.2.2}{\376\377\0005\000.\0004\000.\0002\000.\0002\000\040\000E\000r\000r\000o\000r\000\137\000H\000a\000n\000d\000l\000e\000r\000\050\000\051}{subsection.5.4.2}% 120
\BOOKMARK [3][-]{subsubsection.5.4.2.3}{\376\377\0005\000.\0004\000.\0002\000.\0003\000\040\000H\000A\000L\000\137\000T\000I\000M\000\137\000P\000e\000r\000i\000o\000d\000E\000l\000a\000p\000s\000e\000d\000C\000a\000l\000l\000b\000a\000c\000k\000\050\000\051}{subsection.5.4.2}% 121
\BOOKMARK [3][-]{subsubsection.5.4.2.4}{\376\377\0005\000.\0004\000.\0002\000.\0004\000\040\000m\000a\000i\000n\000\050\000\051}{subsection.5.4.2}% 122
\BOOKMARK [3][-]{subsubsection.5.4.2.5}{\376\377\0005\000.\0004\000.\0002\000.\0005\000\040\000M\000X\000\137\000F\000R\000E\000E\000R\000T\000O\000S\000\137\000I\000n\000i\000t\000\050\000\051}{subsection.5.4.2}% 123
\BOOKMARK [3][-]{subsubsection.5.4.2.6}{\376\377\0005\000.\0004\000.\0002\000.\0006\000\040\000S\000y\000s\000t\000e\000m\000C\000l\000o\000c\000k\000\137\000C\000o\000n\000f\000i\000g\000\050\000\051}{subsection.5.4.2}% 124
\BOOKMARK [1][-]{section.5.5}{\376\377\0005\000.\0005\000\040\000R\000E\000A\000D\000M\000E\000.\000m\000d\000\040\000F\000i\000l\000e\000\040\000R\000e\000f\000e\000r\000e\000n\000c\000e}{chapter.5}% 125
